-------------------------------------------------------------------------------
Test set: com.example.pcfsample.PcfsamleappApplicationTests
-------------------------------------------------------------------------------
Tests run: 1, Failures: 0, Errors: 1, Skipped: 0, Time elapsed: 2.048 sec <<< FAILURE! - in com.example.pcfsample.PcfsamleappApplicationTests
contextLoads(com.example.pcfsample.PcfsamleappApplicationTests)  Time elapsed: 0.009 sec  <<< ERROR!
java.lang.IllegalStateException: Failed to load ApplicationContext
	at org.springframework.test.context.cache.DefaultCacheAwareContextLoaderDelegate.loadContext(DefaultCacheAwareContextLoaderDelegate.java:124)
	at org.springframework.test.context.support.DefaultTestContext.getApplicationContext(DefaultTestContext.java:83)
	at org.springframework.test.context.web.ServletTestExecutionListener.setUpRequestContextIfNecessary(ServletTestExecutionListener.java:189)
	at org.springframework.test.context.web.ServletTestExecutionListener.prepareTestInstance(ServletTestExecutionListener.java:131)
	at org.springframework.test.context.TestContextManager.prepareTestInstance(TestContextManager.java:230)
	at org.springframework.test.context.junit4.SpringJUnit4ClassRunner.createTest(SpringJUnit4ClassRunner.java:228)
	at org.springframework.test.context.junit4.SpringJUnit4ClassRunner$1.runReflectiveCall(SpringJUnit4ClassRunner.java:287)
	at org.junit.internal.runners.model.ReflectiveCallable.run(ReflectiveCallable.java:12)
	at org.springframework.test.context.junit4.SpringJUnit4ClassRunner.methodBlock(SpringJUnit4ClassRunner.java:289)
	at org.springframework.test.context.junit4.SpringJUnit4ClassRunner.runChild(SpringJUnit4ClassRunner.java:247)
	at org.springframework.test.context.junit4.SpringJUnit4ClassRunner.runChild(SpringJUnit4ClassRunner.java:94)
	at org.junit.runners.ParentRunner$3.run(ParentRunner.java:290)
	at org.junit.runners.ParentRunner$1.schedule(ParentRunner.java:71)
	at org.junit.runners.ParentRunner.runChildren(ParentRunner.java:288)
	at org.junit.runners.ParentRunner.access$000(ParentRunner.java:58)
	at org.junit.runners.ParentRunner$2.evaluate(ParentRunner.java:268)
	at org.springframework.test.context.junit4.statements.RunBeforeTestClassCallbacks.evaluate(RunBeforeTestClassCallbacks.java:61)
	at org.springframework.test.context.junit4.statements.RunAfterTestClassCallbacks.evaluate(RunAfterTestClassCallbacks.java:70)
	at org.junit.runners.ParentRunner.run(ParentRunner.java:363)
	at org.springframework.test.context.junit4.SpringJUnit4ClassRunner.run(SpringJUnit4ClassRunner.java:191)
	at org.apache.maven.surefire.junit4.JUnit4Provider.execute(JUnit4Provider.java:283)
	at org.apache.maven.surefire.junit4.JUnit4Provider.executeWithRerun(JUnit4Provider.java:173)
	at org.apache.maven.surefire.junit4.JUnit4Provider.executeTestSet(JUnit4Provider.java:153)
	at org.apache.maven.surefire.junit4.JUnit4Provider.invoke(JUnit4Provider.java:128)
	at org.apache.maven.surefire.booter.ForkedBooter.invokeProviderInSameClassLoader(ForkedBooter.java:203)
	at org.apache.maven.surefire.booter.ForkedBooter.runSuitesInProcess(ForkedBooter.java:155)
	at org.apache.maven.surefire.booter.ForkedBooter.main(ForkedBooter.java:103)
Caused by: org.springframework.beans.factory.BeanCreationException: Error creating bean with name 'embeddedServletContainerCustomizerBeanPostProcessor': Initialization of bean failed; nested exception is org.springframework.beans.factory.BeanCreationException: Error creating bean with name 'org.springframework.cache.config.internalCacheAdvisor' defined in class path resource [org/springframework/cache/annotation/ProxyCachingConfiguration.class]: Bean instantiation via factory method failed; nested exception is org.springframework.beans.BeanInstantiationException: Failed to instantiate [org.springframework.cache.interceptor.BeanFactoryCacheOperationSourceAdvisor]: Factory method 'cacheAdvisor' threw exception; nested exception is org.springframework.beans.factory.UnsatisfiedDependencyException: Error creating bean with name 'cacheAutoConfigurationValidator': Unsatisfied dependency expressed through field 'cacheManager': Error creating bean with name 'cacheManager' defined in class path resource [org/springframework/boot/autoconfigure/cache/RedisCacheConfiguration.class]: Unsatisfied dependency expressed through method 'cacheManager' parameter 0: Error creating bean with name 'sessionRedisTemplate' defined in class path resource [org/springframework/session/data/redis/config/annotation/web/http/RedisHttpSessionConfiguration.class]: Unsatisfied dependency expressed through method 'sessionRedisTemplate' parameter 0: Error creating bean with name 'org.springframework.boot.autoconfigure.data.redis.RedisAutoConfiguration$RedisConnectionConfiguration': Unsatisfied dependency expressed through constructor parameter 0: Error creating bean with name 'spring.redis-org.springframework.boot.autoconfigure.data.redis.RedisProperties': Could not bind properties to RedisProperties (prefix=spring.redis, ignoreInvalidFields=false, ignoreUnknownFields=true, ignoreNestedProperties=false); nested exception is org.springframework.validation.BindException: org.springframework.boot.bind.RelaxedDataBinder$RelaxedBeanPropertyBindingResult: 1 errors
Field error in object 'spring.redis' on field 'port': rejected value [${vcap.services.redis-caching.credentials.port}]; codes [typeMismatch.spring.redis.port,typeMismatch.port,typeMismatch.int,typeMismatch]; arguments [org.springframework.context.support.DefaultMessageSourceResolvable: codes [spring.redis.port,port]; arguments []; default message [port]]; default message [Failed to convert property value of type [java.lang.String] to required type [int] for property 'port'; nested exception is org.springframework.core.convert.ConverterNotFoundException: No converter found capable of converting from type [java.lang.String] to type [int]]; nested exception is org.springframework.beans.factory.BeanCreationException: Error creating bean with name 'spring.redis-org.springframework.boot.autoconfigure.data.redis.RedisProperties': Could not bind properties to RedisProperties (prefix=spring.redis, ignoreInvalidFields=false, ignoreUnknownFields=true, ignoreNestedProperties=false); nested exception is org.springframework.validation.BindException: org.springframework.boot.bind.RelaxedDataBinder$RelaxedBeanPropertyBindingResult: 1 errors
Field error in object 'spring.redis' on field 'port': rejected value [${vcap.services.redis-caching.credentials.port}]; codes [typeMismatch.spring.redis.port,typeMismatch.port,typeMismatch.int,typeMismatch]; arguments [org.springframework.context.support.DefaultMessageSourceResolvable: codes [spring.redis.port,port]; arguments []; default message [port]]; default message [Failed to convert property value of type [java.lang.String] to required type [int] for property 'port'; nested exception is org.springframework.core.convert.ConverterNotFoundException: No converter found capable of converting from type [java.lang.String] to type [int]]; nested exception is org.springframework.beans.factory.UnsatisfiedDependencyException: Error creating bean with name 'org.springframework.boot.autoconfigure.data.redis.RedisAutoConfiguration$RedisConnectionConfiguration': Unsatisfied dependency expressed through constructor parameter 0: Error creating bean with name 'spring.redis-org.springframework.boot.autoconfigure.data.redis.RedisProperties': Could not bind properties to RedisProperties (prefix=spring.redis, ignoreInvalidFields=false, ignoreUnknownFields=true, ignoreNestedProperties=false); nested exception is org.springframework.validation.BindException: org.springframework.boot.bind.RelaxedDataBinder$RelaxedBeanPropertyBindingResult: 1 errors
Field error in object 'spring.redis' on field 'port': rejected value [${vcap.services.redis-caching.credentials.port}]; codes [typeMismatch.spring.redis.port,typeMismatch.port,typeMismatch.int,typeMismatch]; arguments [org.springframework.context.support.DefaultMessageSourceResolvable: codes [spring.redis.port,port]; arguments []; default message [port]]; default message [Failed to convert property value of type [java.lang.String] to required type [int] for property 'port'; nested exception is org.springframework.core.convert.ConverterNotFoundException: No converter found capable of converting from type [java.lang.String] to type [int]]; nested exception is org.springframework.beans.factory.BeanCreationException: Error creating bean with name 'spring.redis-org.springframework.boot.autoconfigure.data.redis.RedisProperties': Could not bind properties to RedisProperties (prefix=spring.redis, ignoreInvalidFields=false, ignoreUnknownFields=true, ignoreNestedProperties=false); nested exception is org.springframework.validation.BindException: org.springframework.boot.bind.RelaxedDataBinder$RelaxedBeanPropertyBindingResult: 1 errors
Field error in object 'spring.redis' on field 'port': rejected value [${vcap.services.redis-caching.credentials.port}]; codes [typeMismatch.spring.redis.port,typeMismatch.port,typeMismatch.int,typeMismatch]; arguments [org.springframework.context.support.DefaultMessageSourceResolvable: codes [spring.redis.port,port]; arguments []; default message [port]]; default message [Failed to convert property value of type [java.lang.String] to required type [int] for property 'port'; nested exception is org.springframework.core.convert.ConverterNotFoundException: No converter found capable of converting from type [java.lang.String] to type [int]]; nested exception is org.springframework.beans.factory.UnsatisfiedDependencyException: Error creating bean with name 'sessionRedisTemplate' defined in class path resource [org/springframework/session/data/redis/config/annotation/web/http/RedisHttpSessionConfiguration.class]: Unsatisfied dependency expressed through method 'sessionRedisTemplate' parameter 0: Error creating bean with name 'org.springframework.boot.autoconfigure.data.redis.RedisAutoConfiguration$RedisConnectionConfiguration': Unsatisfied dependency expressed through constructor parameter 0: Error creating bean with name 'spring.redis-org.springframework.boot.autoconfigure.data.redis.RedisProperties': Could not bind properties to RedisProperties (prefix=spring.redis, ignoreInvalidFields=false, ignoreUnknownFields=true, ignoreNestedProperties=false); nested exception is org.springframework.validation.BindException: org.springframework.boot.bind.RelaxedDataBinder$RelaxedBeanPropertyBindingResult: 1 errors
Field error in object 'spring.redis' on field 'port': rejected value [${vcap.services.redis-caching.credentials.port}]; codes [typeMismatch.spring.redis.port,typeMismatch.port,typeMismatch.int,typeMismatch]; arguments [org.springframework.context.support.DefaultMessageSourceResolvable: codes [spring.redis.port,port]; arguments []; default message [port]]; default message [Failed to convert property value of type [java.lang.String] to required type [int] for property 'port'; nested exception is org.springframework.core.convert.ConverterNotFoundException: No converter found capable of converting from type [java.lang.String] to type [int]]; nested exception is org.springframework.beans.factory.BeanCreationException: Error creating bean with name 'spring.redis-org.springframework.boot.autoconfigure.data.redis.RedisProperties': Could not bind properties to RedisProperties (prefix=spring.redis, ignoreInvalidFields=false, ignoreUnknownFields=true, ignoreNestedProperties=false); nested exception is org.springframework.validation.BindException: org.springframework.boot.bind.RelaxedDataBinder$RelaxedBeanPropertyBindingResult: 1 errors
Field error in object 'spring.redis' on field 'port': rejected value [${vcap.services.redis-caching.credentials.port}]; codes [typeMismatch.spring.redis.port,typeMismatch.port,typeMismatch.int,typeMismatch]; arguments [org.springframework.context.support.DefaultMessageSourceResolvable: codes [spring.redis.port,port]; arguments []; default message [port]]; default message [Failed to convert property value of type [java.lang.String] to required type [int] for property 'port'; nested exception is org.springframework.core.convert.ConverterNotFoundException: No converter found capable of converting from type [java.lang.String] to type [int]]; nested exception is org.springframework.beans.factory.UnsatisfiedDependencyException: Error creating bean with name 'org.springframework.boot.autoconfigure.data.redis.RedisAutoConfiguration$RedisConnectionConfiguration': Unsatisfied dependency expressed through constructor parameter 0: Error creating bean with name 'spring.redis-org.springframework.boot.autoconfigure.data.redis.RedisProperties': Could not bind properties to RedisProperties (prefix=spring.redis, ignoreInvalidFields=false, ignoreUnknownFields=true, ignoreNestedProperties=false); nested exception is org.springframework.validation.BindException: org.springframework.boot.bind.RelaxedDataBinder$RelaxedBeanPropertyBindingResult: 1 errors
Field error in object 'spring.redis' on field 'port': rejected value [${vcap.services.redis-caching.credentials.port}]; codes [typeMismatch.spring.redis.port,typeMismatch.port,typeMismatch.int,typeMismatch]; arguments [org.springframework.context.support.DefaultMessageSourceResolvable: codes [spring.redis.port,port]; arguments []; default message [port]]; default message [Failed to convert property value of type [java.lang.String] to required type [int] for property 'port'; nested exception is org.springframework.core.convert.ConverterNotFoundException: No converter found capable of converting from type [java.lang.String] to type [int]]; nested exception is org.springframework.beans.factory.BeanCreationException: Error creating bean with name 'spring.redis-org.springframework.boot.autoconfigure.data.redis.RedisProperties': Could not bind properties to RedisProperties (prefix=spring.redis, ignoreInvalidFields=false, ignoreUnknownFields=true, ignoreNestedProperties=false); nested exception is org.springframework.validation.BindException: org.springframework.boot.bind.RelaxedDataBinder$RelaxedBeanPropertyBindingResult: 1 errors
Field error in object 'spring.redis' on field 'port': rejected value [${vcap.services.redis-caching.credentials.port}]; codes [typeMismatch.spring.redis.port,typeMismatch.port,typeMismatch.int,typeMismatch]; arguments [org.springframework.context.support.DefaultMessageSourceResolvable: codes [spring.redis.port,port]; arguments []; default message [port]]; default message [Failed to convert property value of type [java.lang.String] to required type [int] for property 'port'; nested exception is org.springframework.core.convert.ConverterNotFoundException: No converter found capable of converting from type [java.lang.String] to type [int]]; nested exception is org.springframework.beans.factory.UnsatisfiedDependencyException: Error creating bean with name 'cacheManager' defined in class path resource [org/springframework/boot/autoconfigure/cache/RedisCacheConfiguration.class]: Unsatisfied dependency expressed through method 'cacheManager' parameter 0: Error creating bean with name 'sessionRedisTemplate' defined in class path resource [org/springframework/session/data/redis/config/annotation/web/http/RedisHttpSessionConfiguration.class]: Unsatisfied dependency expressed through method 'sessionRedisTemplate' parameter 0: Error creating bean with name 'org.springframework.boot.autoconfigure.data.redis.RedisAutoConfiguration$RedisConnectionConfiguration': Unsatisfied dependency expressed through constructor parameter 0: Error creating bean with name 'spring.redis-org.springframework.boot.autoconfigure.data.redis.RedisProperties': Could not bind properties to RedisProperties (prefix=spring.redis, ignoreInvalidFields=false, ignoreUnknownFields=true, ignoreNestedProperties=false); nested exception is org.springframework.validation.BindException: org.springframework.boot.bind.RelaxedDataBinder$RelaxedBeanPropertyBindingResult: 1 errors
Field error in object 'spring.redis' on field 'port': rejected value [${vcap.services.redis-caching.credentials.port}]; codes [typeMismatch.spring.redis.port,typeMismatch.port,typeMismatch.int,typeMismatch]; arguments [org.springframework.context.support.DefaultMessageSourceResolvable: codes [spring.redis.port,port]; arguments []; default message [port]]; default message [Failed to convert property value of type [java.lang.String] to required type [int] for property 'port'; nested exception is org.springframework.core.convert.ConverterNotFoundException: No converter found capable of converting from type [java.lang.String] to type [int]]; nested exception is org.springframework.beans.factory.BeanCreationException: Error creating bean with name 'spring.redis-org.springframework.boot.autoconfigure.data.redis.RedisProperties': Could not bind properties to RedisProperties (prefix=spring.redis, ignoreInvalidFields=false, ignoreUnknownFields=true, ignoreNestedProperties=false); nested exception is org.springframework.validation.BindException: org.springframework.boot.bind.RelaxedDataBinder$RelaxedBeanPropertyBindingResult: 1 errors
Field error in object 'spring.redis' on field 'port': rejected value [${vcap.services.redis-caching.credentials.port}]; codes [typeMismatch.spring.redis.port,typeMismatch.port,typeMismatch.int,typeMismatch]; arguments [org.springframework.context.support.DefaultMessageSourceResolvable: codes [spring.redis.port,port]; arguments []; default message [port]]; default message [Failed to convert property value of type [java.lang.String] to required type [int] for property 'port'; nested exception is org.springframework.core.convert.ConverterNotFoundException: No converter found capable of converting from type [java.lang.String] to type [int]]; nested exception is org.springframework.beans.factory.UnsatisfiedDependencyException: Error creating bean with name 'org.springframework.boot.autoconfigure.data.redis.RedisAutoConfiguration$RedisConnectionConfiguration': Unsatisfied dependency expressed through constructor parameter 0: Error creating bean with name 'spring.redis-org.springframework.boot.autoconfigure.data.redis.RedisProperties': Could not bind properties to RedisProperties (prefix=spring.redis, ignoreInvalidFields=false, ignoreUnknownFields=true, ignoreNestedProperties=false); nested exception is org.springframework.validation.BindException: org.springframework.boot.bind.RelaxedDataBinder$RelaxedBeanPropertyBindingResult: 1 errors
Field error in object 'spring.redis' on field 'port': rejected value [${vcap.services.redis-caching.credentials.port}]; codes [typeMismatch.spring.redis.port,typeMismatch.port,typeMismatch.int,typeMismatch]; arguments [org.springframework.context.support.DefaultMessageSourceResolvable: codes [spring.redis.port,port]; arguments []; default message [port]]; default message [Failed to convert property value of type [java.lang.String] to required type [int] for property 'port'; nested exception is org.springframework.core.convert.ConverterNotFoundException: No converter found capable of converting from type [java.lang.String] to type [int]]; nested exception is org.springframework.beans.factory.BeanCreationException: Error creating bean with name 'spring.redis-org.springframework.boot.autoconfigure.data.redis.RedisProperties': Could not bind properties to RedisProperties (prefix=spring.redis, ignoreInvalidFields=false, ignoreUnknownFields=true, ignoreNestedProperties=false); nested exception is org.springframework.validation.BindException: org.springframework.boot.bind.RelaxedDataBinder$RelaxedBeanPropertyBindingResult: 1 errors
Field error in object 'spring.redis' on field 'port': rejected value [${vcap.services.redis-caching.credentials.port}]; codes [typeMismatch.spring.redis.port,typeMismatch.port,typeMismatch.int,typeMismatch]; arguments [org.springframework.context.support.DefaultMessageSourceResolvable: codes [spring.redis.port,port]; arguments []; default message [port]]; default message [Failed to convert property value of type [java.lang.String] to required type [int] for property 'port'; nested exception is org.springframework.core.convert.ConverterNotFoundException: No converter found capable of converting from type [java.lang.String] to type [int]]; nested exception is org.springframework.beans.factory.UnsatisfiedDependencyException: Error creating bean with name 'sessionRedisTemplate' defined in class path resource [org/springframework/session/data/redis/config/annotation/web/http/RedisHttpSessionConfiguration.class]: Unsatisfied dependency expressed through method 'sessionRedisTemplate' parameter 0: Error creating bean with name 'org.springframework.boot.autoconfigure.data.redis.RedisAutoConfiguration$RedisConnectionConfiguration': Unsatisfied dependency expressed through constructor parameter 0: Error creating bean with name 'spring.redis-org.springframework.boot.autoconfigure.data.redis.RedisProperties': Could not bind properties to RedisProperties (prefix=spring.redis, ignoreInvalidFields=false, ignoreUnknownFields=true, ignoreNestedProperties=false); nested exception is org.springframework.validation.BindException: org.springframework.boot.bind.RelaxedDataBinder$RelaxedBeanPropertyBindingResult: 1 errors
Field error in object 'spring.redis' on field 'port': rejected value [${vcap.services.redis-caching.credentials.port}]; codes [typeMismatch.spring.redis.port,typeMismatch.port,typeMismatch.int,typeMismatch]; arguments [org.springframework.context.support.DefaultMessageSourceResolvable: codes [spring.redis.port,port]; arguments []; default message [port]]; default message [Failed to convert property value of type [java.lang.String] to required type [int] for property 'port'; nested exception is org.springframework.core.convert.ConverterNotFoundException: No converter found capable of converting from type [java.lang.String] to type [int]]; nested exception is org.springframework.beans.factory.BeanCreationException: Error creating bean with name 'spring.redis-org.springframework.boot.autoconfigure.data.redis.RedisProperties': Could not bind properties to RedisProperties (prefix=spring.redis, ignoreInvalidFields=false, ignoreUnknownFields=true, ignoreNestedProperties=false); nested exception is org.springframework.validation.BindException: org.springframework.boot.bind.RelaxedDataBinder$RelaxedBeanPropertyBindingResult: 1 errors
Field error in object 'spring.redis' on field 'port': rejected value [${vcap.services.redis-caching.credentials.port}]; codes [typeMismatch.spring.redis.port,typeMismatch.port,typeMismatch.int,typeMismatch]; arguments [org.springframework.context.support.DefaultMessageSourceResolvable: codes [spring.redis.port,port]; arguments []; default message [port]]; default message [Failed to convert property value of type [java.lang.String] to required type [int] for property 'port'; nested exception is org.springframework.core.convert.ConverterNotFoundException: No converter found capable of converting from type [java.lang.String] to type [int]]; nested exception is org.springframework.beans.factory.UnsatisfiedDependencyException: Error creating bean with name 'org.springframework.boot.autoconfigure.data.redis.RedisAutoConfiguration$RedisConnectionConfiguration': Unsatisfied dependency expressed through constructor parameter 0: Error creating bean with name 'spring.redis-org.springframework.boot.autoconfigure.data.redis.RedisProperties': Could not bind properties to RedisProperties (prefix=spring.redis, ignoreInvalidFields=false, ignoreUnknownFields=true, ignoreNestedProperties=false); nested exception is org.springframework.validation.BindException: org.springframework.boot.bind.RelaxedDataBinder$RelaxedBeanPropertyBindingResult: 1 errors
Field error in object 'spring.redis' on field 'port': rejected value [${vcap.services.redis-caching.credentials.port}]; codes [typeMismatch.spring.redis.port,typeMismatch.port,typeMismatch.int,typeMismatch]; arguments [org.springframework.context.support.DefaultMessageSourceResolvable: codes [spring.redis.port,port]; arguments []; default message [port]]; default message [Failed to convert property value of type [java.lang.String] to required type [int] for property 'port'; nested exception is org.springframework.core.convert.ConverterNotFoundException: No converter found capable of converting from type [java.lang.String] to type [int]]; nested exception is org.springframework.beans.factory.BeanCreationException: Error creating bean with name 'spring.redis-org.springframework.boot.autoconfigure.data.redis.RedisProperties': Could not bind properties to RedisProperties (prefix=spring.redis, ignoreInvalidFields=false, ignoreUnknownFields=true, ignoreNestedProperties=false); nested exception is org.springframework.validation.BindException: org.springframework.boot.bind.RelaxedDataBinder$RelaxedBeanPropertyBindingResult: 1 errors
Field error in object 'spring.redis' on field 'port': rejected value [${vcap.services.redis-caching.credentials.port}]; codes [typeMismatch.spring.redis.port,typeMismatch.port,typeMismatch.int,typeMismatch]; arguments [org.springframework.context.support.DefaultMessageSourceResolvable: codes [spring.redis.port,port]; arguments []; default message [port]]; default message [Failed to convert property value of type [java.lang.String] to required type [int] for property 'port'; nested exception is org.springframework.core.convert.ConverterNotFoundException: No converter found capable of converting from type [java.lang.String] to type [int]]
	at org.springframework.beans.factory.support.AbstractAutowireCapableBeanFactory.doCreateBean(AbstractAutowireCapableBeanFactory.java:553)
	at org.springframework.beans.factory.support.AbstractAutowireCapableBeanFactory.createBean(AbstractAutowireCapableBeanFactory.java:482)
	at org.springframework.beans.factory.support.AbstractBeanFactory$1.getObject(AbstractBeanFactory.java:306)
	at org.springframework.beans.factory.support.DefaultSingletonBeanRegistry.getSingleton(DefaultSingletonBeanRegistry.java:230)
	at org.springframework.beans.factory.support.AbstractBeanFactory.doGetBean(AbstractBeanFactory.java:302)
	at org.springframework.beans.factory.support.AbstractBeanFactory.getBean(AbstractBeanFactory.java:202)
	at org.springframework.context.support.PostProcessorRegistrationDelegate.registerBeanPostProcessors(PostProcessorRegistrationDelegate.java:240)
	at org.springframework.context.support.AbstractApplicationContext.registerBeanPostProcessors(AbstractApplicationContext.java:697)
	at org.springframework.context.support.AbstractApplicationContext.refresh(AbstractApplicationContext.java:526)
	at org.springframework.boot.SpringApplication.refresh(SpringApplication.java:759)
	at org.springframework.boot.SpringApplication.refreshContext(SpringApplication.java:369)
	at org.springframework.boot.SpringApplication.run(SpringApplication.java:313)
	at org.springframework.boot.test.context.SpringBootContextLoader.loadContext(SpringBootContextLoader.java:111)
	at org.springframework.test.context.cache.DefaultCacheAwareContextLoaderDelegate.loadContextInternal(DefaultCacheAwareContextLoaderDelegate.java:98)
	at org.springframework.test.context.cache.DefaultCacheAwareContextLoaderDelegate.loadContext(DefaultCacheAwareContextLoaderDelegate.java:116)
	at org.springframework.test.context.support.DefaultTestContext.getApplicationContext(DefaultTestContext.java:83)
	at org.springframework.test.context.web.ServletTestExecutionListener.setUpRequestContextIfNecessary(ServletTestExecutionListener.java:189)
	at org.springframework.test.context.web.ServletTestExecutionListener.prepareTestInstance(ServletTestExecutionListener.java:131)
	at org.springframework.test.context.TestContextManager.prepareTestInstance(TestContextManager.java:230)
	at org.springframework.test.context.junit4.SpringJUnit4ClassRunner.createTest(SpringJUnit4ClassRunner.java:228)
	at org.springframework.test.context.junit4.SpringJUnit4ClassRunner$1.runReflectiveCall(SpringJUnit4ClassRunner.java:287)
	at org.junit.internal.runners.model.ReflectiveCallable.run(ReflectiveCallable.java:12)
	at org.springframework.test.context.junit4.SpringJUnit4ClassRunner.methodBlock(SpringJUnit4ClassRunner.java:289)
	at org.springframework.test.context.junit4.SpringJUnit4ClassRunner.runChild(SpringJUnit4ClassRunner.java:247)
	at org.springframework.test.context.junit4.SpringJUnit4ClassRunner.runChild(SpringJUnit4ClassRunner.java:94)
	at org.junit.runners.ParentRunner$3.run(ParentRunner.java:290)
	at org.junit.runners.ParentRunner$1.schedule(ParentRunner.java:71)
	at org.junit.runners.ParentRunner.runChildren(ParentRunner.java:288)
	at org.junit.runners.ParentRunner.access$000(ParentRunner.java:58)
	at org.junit.runners.ParentRunner$2.evaluate(ParentRunner.java:268)
	at org.springframework.test.context.junit4.statements.RunBeforeTestClassCallbacks.evaluate(RunBeforeTestClassCallbacks.java:61)
	at org.springframework.test.context.junit4.statements.RunAfterTestClassCallbacks.evaluate(RunAfterTestClassCallbacks.java:70)
	at org.junit.runners.ParentRunner.run(ParentRunner.java:363)
	at org.springframework.test.context.junit4.SpringJUnit4ClassRunner.run(SpringJUnit4ClassRunner.java:191)
	at org.apache.maven.surefire.junit4.JUnit4Provider.execute(JUnit4Provider.java:283)
	at org.apache.maven.surefire.junit4.JUnit4Provider.executeWithRerun(JUnit4Provider.java:173)
	at org.apache.maven.surefire.junit4.JUnit4Provider.executeTestSet(JUnit4Provider.java:153)
	at org.apache.maven.surefire.junit4.JUnit4Provider.invoke(JUnit4Provider.java:128)
	at org.apache.maven.surefire.booter.ForkedBooter.invokeProviderInSameClassLoader(ForkedBooter.java:203)
	at org.apache.maven.surefire.booter.ForkedBooter.runSuitesInProcess(ForkedBooter.java:155)
	at org.apache.maven.surefire.booter.ForkedBooter.main(ForkedBooter.java:103)
Caused by: org.springframework.beans.factory.BeanCreationException: Error creating bean with name 'org.springframework.cache.config.internalCacheAdvisor' defined in class path resource [org/springframework/cache/annotation/ProxyCachingConfiguration.class]: Bean instantiation via factory method failed; nested exception is org.springframework.beans.BeanInstantiationException: Failed to instantiate [org.springframework.cache.interceptor.BeanFactoryCacheOperationSourceAdvisor]: Factory method 'cacheAdvisor' threw exception; nested exception is org.springframework.beans.factory.UnsatisfiedDependencyException: Error creating bean with name 'cacheAutoConfigurationValidator': Unsatisfied dependency expressed through field 'cacheManager': Error creating bean with name 'cacheManager' defined in class path resource [org/springframework/boot/autoconfigure/cache/RedisCacheConfiguration.class]: Unsatisfied dependency expressed through method 'cacheManager' parameter 0: Error creating bean with name 'sessionRedisTemplate' defined in class path resource [org/springframework/session/data/redis/config/annotation/web/http/RedisHttpSessionConfiguration.class]: Unsatisfied dependency expressed through method 'sessionRedisTemplate' parameter 0: Error creating bean with name 'org.springframework.boot.autoconfigure.data.redis.RedisAutoConfiguration$RedisConnectionConfiguration': Unsatisfied dependency expressed through constructor parameter 0: Error creating bean with name 'spring.redis-org.springframework.boot.autoconfigure.data.redis.RedisProperties': Could not bind properties to RedisProperties (prefix=spring.redis, ignoreInvalidFields=false, ignoreUnknownFields=true, ignoreNestedProperties=false); nested exception is org.springframework.validation.BindException: org.springframework.boot.bind.RelaxedDataBinder$RelaxedBeanPropertyBindingResult: 1 errors
Field error in object 'spring.redis' on field 'port': rejected value [${vcap.services.redis-caching.credentials.port}]; codes [typeMismatch.spring.redis.port,typeMismatch.port,typeMismatch.int,typeMismatch]; arguments [org.springframework.context.support.DefaultMessageSourceResolvable: codes [spring.redis.port,port]; arguments []; default message [port]]; default message [Failed to convert property value of type [java.lang.String] to required type [int] for property 'port'; nested exception is org.springframework.core.convert.ConverterNotFoundException: No converter found capable of converting from type [java.lang.String] to type [int]]; nested exception is org.springframework.beans.factory.BeanCreationException: Error creating bean with name 'spring.redis-org.springframework.boot.autoconfigure.data.redis.RedisProperties': Could not bind properties to RedisProperties (prefix=spring.redis, ignoreInvalidFields=false, ignoreUnknownFields=true, ignoreNestedProperties=false); nested exception is org.springframework.validation.BindException: org.springframework.boot.bind.RelaxedDataBinder$RelaxedBeanPropertyBindingResult: 1 errors
Field error in object 'spring.redis' on field 'port': rejected value [${vcap.services.redis-caching.credentials.port}]; codes [typeMismatch.spring.redis.port,typeMismatch.port,typeMismatch.int,typeMismatch]; arguments [org.springframework.context.support.DefaultMessageSourceResolvable: codes [spring.redis.port,port]; arguments []; default message [port]]; default message [Failed to convert property value of type [java.lang.String] to required type [int] for property 'port'; nested exception is org.springframework.core.convert.ConverterNotFoundException: No converter found capable of converting from type [java.lang.String] to type [int]]; nested exception is org.springframework.beans.factory.UnsatisfiedDependencyException: Error creating bean with name 'org.springframework.boot.autoconfigure.data.redis.RedisAutoConfiguration$RedisConnectionConfiguration': Unsatisfied dependency expressed through constructor parameter 0: Error creating bean with name 'spring.redis-org.springframework.boot.autoconfigure.data.redis.RedisProperties': Could not bind properties to RedisProperties (prefix=spring.redis, ignoreInvalidFields=false, ignoreUnknownFields=true, ignoreNestedProperties=false); nested exception is org.springframework.validation.BindException: org.springframework.boot.bind.RelaxedDataBinder$RelaxedBeanPropertyBindingResult: 1 errors
Field error in object 'spring.redis' on field 'port': rejected value [${vcap.services.redis-caching.credentials.port}]; codes [typeMismatch.spring.redis.port,typeMismatch.port,typeMismatch.int,typeMismatch]; arguments [org.springframework.context.support.DefaultMessageSourceResolvable: codes [spring.redis.port,port]; arguments []; default message [port]]; default message [Failed to convert property value of type [java.lang.String] to required type [int] for property 'port'; nested exception is org.springframework.core.convert.ConverterNotFoundException: No converter found capable of converting from type [java.lang.String] to type [int]]; nested exception is org.springframework.beans.factory.BeanCreationException: Error creating bean with name 'spring.redis-org.springframework.boot.autoconfigure.data.redis.RedisProperties': Could not bind properties to RedisProperties (prefix=spring.redis, ignoreInvalidFields=false, ignoreUnknownFields=true, ignoreNestedProperties=false); nested exception is org.springframework.validation.BindException: org.springframework.boot.bind.RelaxedDataBinder$RelaxedBeanPropertyBindingResult: 1 errors
Field error in object 'spring.redis' on field 'port': rejected value [${vcap.services.redis-caching.credentials.port}]; codes [typeMismatch.spring.redis.port,typeMismatch.port,typeMismatch.int,typeMismatch]; arguments [org.springframework.context.support.DefaultMessageSourceResolvable: codes [spring.redis.port,port]; arguments []; default message [port]]; default message [Failed to convert property value of type [java.lang.String] to required type [int] for property 'port'; nested exception is org.springframework.core.convert.ConverterNotFoundException: No converter found capable of converting from type [java.lang.String] to type [int]]; nested exception is org.springframework.beans.factory.UnsatisfiedDependencyException: Error creating bean with name 'sessionRedisTemplate' defined in class path resource [org/springframework/session/data/redis/config/annotation/web/http/RedisHttpSessionConfiguration.class]: Unsatisfied dependency expressed through method 'sessionRedisTemplate' parameter 0: Error creating bean with name 'org.springframework.boot.autoconfigure.data.redis.RedisAutoConfiguration$RedisConnectionConfiguration': Unsatisfied dependency expressed through constructor parameter 0: Error creating bean with name 'spring.redis-org.springframework.boot.autoconfigure.data.redis.RedisProperties': Could not bind properties to RedisProperties (prefix=spring.redis, ignoreInvalidFields=false, ignoreUnknownFields=true, ignoreNestedProperties=false); nested exception is org.springframework.validation.BindException: org.springframework.boot.bind.RelaxedDataBinder$RelaxedBeanPropertyBindingResult: 1 errors
Field error in object 'spring.redis' on field 'port': rejected value [${vcap.services.redis-caching.credentials.port}]; codes [typeMismatch.spring.redis.port,typeMismatch.port,typeMismatch.int,typeMismatch]; arguments [org.springframework.context.support.DefaultMessageSourceResolvable: codes [spring.redis.port,port]; arguments []; default message [port]]; default message [Failed to convert property value of type [java.lang.String] to required type [int] for property 'port'; nested exception is org.springframework.core.convert.ConverterNotFoundException: No converter found capable of converting from type [java.lang.String] to type [int]]; nested exception is org.springframework.beans.factory.BeanCreationException: Error creating bean with name 'spring.redis-org.springframework.boot.autoconfigure.data.redis.RedisProperties': Could not bind properties to RedisProperties (prefix=spring.redis, ignoreInvalidFields=false, ignoreUnknownFields=true, ignoreNestedProperties=false); nested exception is org.springframework.validation.BindException: org.springframework.boot.bind.RelaxedDataBinder$RelaxedBeanPropertyBindingResult: 1 errors
Field error in object 'spring.redis' on field 'port': rejected value [${vcap.services.redis-caching.credentials.port}]; codes [typeMismatch.spring.redis.port,typeMismatch.port,typeMismatch.int,typeMismatch]; arguments [org.springframework.context.support.DefaultMessageSourceResolvable: codes [spring.redis.port,port]; arguments []; default message [port]]; default message [Failed to convert property value of type [java.lang.String] to required type [int] for property 'port'; nested exception is org.springframework.core.convert.ConverterNotFoundException: No converter found capable of converting from type [java.lang.String] to type [int]]; nested exception is org.springframework.beans.factory.UnsatisfiedDependencyException: Error creating bean with name 'org.springframework.boot.autoconfigure.data.redis.RedisAutoConfiguration$RedisConnectionConfiguration': Unsatisfied dependency expressed through constructor parameter 0: Error creating bean with name 'spring.redis-org.springframework.boot.autoconfigure.data.redis.RedisProperties': Could not bind properties to RedisProperties (prefix=spring.redis, ignoreInvalidFields=false, ignoreUnknownFields=true, ignoreNestedProperties=false); nested exception is org.springframework.validation.BindException: org.springframework.boot.bind.RelaxedDataBinder$RelaxedBeanPropertyBindingResult: 1 errors
Field error in object 'spring.redis' on field 'port': rejected value [${vcap.services.redis-caching.credentials.port}]; codes [typeMismatch.spring.redis.port,typeMismatch.port,typeMismatch.int,typeMismatch]; arguments [org.springframework.context.support.DefaultMessageSourceResolvable: codes [spring.redis.port,port]; arguments []; default message [port]]; default message [Failed to convert property value of type [java.lang.String] to required type [int] for property 'port'; nested exception is org.springframework.core.convert.ConverterNotFoundException: No converter found capable of converting from type [java.lang.String] to type [int]]; nested exception is org.springframework.beans.factory.BeanCreationException: Error creating bean with name 'spring.redis-org.springframework.boot.autoconfigure.data.redis.RedisProperties': Could not bind properties to RedisProperties (prefix=spring.redis, ignoreInvalidFields=false, ignoreUnknownFields=true, ignoreNestedProperties=false); nested exception is org.springframework.validation.BindException: org.springframework.boot.bind.RelaxedDataBinder$RelaxedBeanPropertyBindingResult: 1 errors
Field error in object 'spring.redis' on field 'port': rejected value [${vcap.services.redis-caching.credentials.port}]; codes [typeMismatch.spring.redis.port,typeMismatch.port,typeMismatch.int,typeMismatch]; arguments [org.springframework.context.support.DefaultMessageSourceResolvable: codes [spring.redis.port,port]; arguments []; default message [port]]; default message [Failed to convert property value of type [java.lang.String] to required type [int] for property 'port'; nested exception is org.springframework.core.convert.ConverterNotFoundException: No converter found capable of converting from type [java.lang.String] to type [int]]; nested exception is org.springframework.beans.factory.UnsatisfiedDependencyException: Error creating bean with name 'cacheManager' defined in class path resource [org/springframework/boot/autoconfigure/cache/RedisCacheConfiguration.class]: Unsatisfied dependency expressed through method 'cacheManager' parameter 0: Error creating bean with name 'sessionRedisTemplate' defined in class path resource [org/springframework/session/data/redis/config/annotation/web/http/RedisHttpSessionConfiguration.class]: Unsatisfied dependency expressed through method 'sessionRedisTemplate' parameter 0: Error creating bean with name 'org.springframework.boot.autoconfigure.data.redis.RedisAutoConfiguration$RedisConnectionConfiguration': Unsatisfied dependency expressed through constructor parameter 0: Error creating bean with name 'spring.redis-org.springframework.boot.autoconfigure.data.redis.RedisProperties': Could not bind properties to RedisProperties (prefix=spring.redis, ignoreInvalidFields=false, ignoreUnknownFields=true, ignoreNestedProperties=false); nested exception is org.springframework.validation.BindException: org.springframework.boot.bind.RelaxedDataBinder$RelaxedBeanPropertyBindingResult: 1 errors
Field error in object 'spring.redis' on field 'port': rejected value [${vcap.services.redis-caching.credentials.port}]; codes [typeMismatch.spring.redis.port,typeMismatch.port,typeMismatch.int,typeMismatch]; arguments [org.springframework.context.support.DefaultMessageSourceResolvable: codes [spring.redis.port,port]; arguments []; default message [port]]; default message [Failed to convert property value of type [java.lang.String] to required type [int] for property 'port'; nested exception is org.springframework.core.convert.ConverterNotFoundException: No converter found capable of converting from type [java.lang.String] to type [int]]; nested exception is org.springframework.beans.factory.BeanCreationException: Error creating bean with name 'spring.redis-org.springframework.boot.autoconfigure.data.redis.RedisProperties': Could not bind properties to RedisProperties (prefix=spring.redis, ignoreInvalidFields=false, ignoreUnknownFields=true, ignoreNestedProperties=false); nested exception is org.springframework.validation.BindException: org.springframework.boot.bind.RelaxedDataBinder$RelaxedBeanPropertyBindingResult: 1 errors
Field error in object 'spring.redis' on field 'port': rejected value [${vcap.services.redis-caching.credentials.port}]; codes [typeMismatch.spring.redis.port,typeMismatch.port,typeMismatch.int,typeMismatch]; arguments [org.springframework.context.support.DefaultMessageSourceResolvable: codes [spring.redis.port,port]; arguments []; default message [port]]; default message [Failed to convert property value of type [java.lang.String] to required type [int] for property 'port'; nested exception is org.springframework.core.convert.ConverterNotFoundException: No converter found capable of converting from type [java.lang.String] to type [int]]; nested exception is org.springframework.beans.factory.UnsatisfiedDependencyException: Error creating bean with name 'org.springframework.boot.autoconfigure.data.redis.RedisAutoConfiguration$RedisConnectionConfiguration': Unsatisfied dependency expressed through constructor parameter 0: Error creating bean with name 'spring.redis-org.springframework.boot.autoconfigure.data.redis.RedisProperties': Could not bind properties to RedisProperties (prefix=spring.redis, ignoreInvalidFields=false, ignoreUnknownFields=true, ignoreNestedProperties=false); nested exception is org.springframework.validation.BindException: org.springframework.boot.bind.RelaxedDataBinder$RelaxedBeanPropertyBindingResult: 1 errors
Field error in object 'spring.redis' on field 'port': rejected value [${vcap.services.redis-caching.credentials.port}]; codes [typeMismatch.spring.redis.port,typeMismatch.port,typeMismatch.int,typeMismatch]; arguments [org.springframework.context.support.DefaultMessageSourceResolvable: codes [spring.redis.port,port]; arguments []; default message [port]]; default message [Failed to convert property value of type [java.lang.String] to required type [int] for property 'port'; nested exception is org.springframework.core.convert.ConverterNotFoundException: No converter found capable of converting from type [java.lang.String] to type [int]]; nested exception is org.springframework.beans.factory.BeanCreationException: Error creating bean with name 'spring.redis-org.springframework.boot.autoconfigure.data.redis.RedisProperties': Could not bind properties to RedisProperties (prefix=spring.redis, ignoreInvalidFields=false, ignoreUnknownFields=true, ignoreNestedProperties=false); nested exception is org.springframework.validation.BindException: org.springframework.boot.bind.RelaxedDataBinder$RelaxedBeanPropertyBindingResult: 1 errors
Field error in object 'spring.redis' on field 'port': rejected value [${vcap.services.redis-caching.credentials.port}]; codes [typeMismatch.spring.redis.port,typeMismatch.port,typeMismatch.int,typeMismatch]; arguments [org.springframework.context.support.DefaultMessageSourceResolvable: codes [spring.redis.port,port]; arguments []; default message [port]]; default message [Failed to convert property value of type [java.lang.String] to required type [int] for property 'port'; nested exception is org.springframework.core.convert.ConverterNotFoundException: No converter found capable of converting from type [java.lang.String] to type [int]]; nested exception is org.springframework.beans.factory.UnsatisfiedDependencyException: Error creating bean with name 'sessionRedisTemplate' defined in class path resource [org/springframework/session/data/redis/config/annotation/web/http/RedisHttpSessionConfiguration.class]: Unsatisfied dependency expressed through method 'sessionRedisTemplate' parameter 0: Error creating bean with name 'org.springframework.boot.autoconfigure.data.redis.RedisAutoConfiguration$RedisConnectionConfiguration': Unsatisfied dependency expressed through constructor parameter 0: Error creating bean with name 'spring.redis-org.springframework.boot.autoconfigure.data.redis.RedisProperties': Could not bind properties to RedisProperties (prefix=spring.redis, ignoreInvalidFields=false, ignoreUnknownFields=true, ignoreNestedProperties=false); nested exception is org.springframework.validation.BindException: org.springframework.boot.bind.RelaxedDataBinder$RelaxedBeanPropertyBindingResult: 1 errors
Field error in object 'spring.redis' on field 'port': rejected value [${vcap.services.redis-caching.credentials.port}]; codes [typeMismatch.spring.redis.port,typeMismatch.port,typeMismatch.int,typeMismatch]; arguments [org.springframework.context.support.DefaultMessageSourceResolvable: codes [spring.redis.port,port]; arguments []; default message [port]]; default message [Failed to convert property value of type [java.lang.String] to required type [int] for property 'port'; nested exception is org.springframework.core.convert.ConverterNotFoundException: No converter found capable of converting from type [java.lang.String] to type [int]]; nested exception is org.springframework.beans.factory.BeanCreationException: Error creating bean with name 'spring.redis-org.springframework.boot.autoconfigure.data.redis.RedisProperties': Could not bind properties to RedisProperties (prefix=spring.redis, ignoreInvalidFields=false, ignoreUnknownFields=true, ignoreNestedProperties=false); nested exception is org.springframework.validation.BindException: org.springframework.boot.bind.RelaxedDataBinder$RelaxedBeanPropertyBindingResult: 1 errors
Field error in object 'spring.redis' on field 'port': rejected value [${vcap.services.redis-caching.credentials.port}]; codes [typeMismatch.spring.redis.port,typeMismatch.port,typeMismatch.int,typeMismatch]; arguments [org.springframework.context.support.DefaultMessageSourceResolvable: codes [spring.redis.port,port]; arguments []; default message [port]]; default message [Failed to convert property value of type [java.lang.String] to required type [int] for property 'port'; nested exception is org.springframework.core.convert.ConverterNotFoundException: No converter found capable of converting from type [java.lang.String] to type [int]]; nested exception is org.springframework.beans.factory.UnsatisfiedDependencyException: Error creating bean with name 'org.springframework.boot.autoconfigure.data.redis.RedisAutoConfiguration$RedisConnectionConfiguration': Unsatisfied dependency expressed through constructor parameter 0: Error creating bean with name 'spring.redis-org.springframework.boot.autoconfigure.data.redis.RedisProperties': Could not bind properties to RedisProperties (prefix=spring.redis, ignoreInvalidFields=false, ignoreUnknownFields=true, ignoreNestedProperties=false); nested exception is org.springframework.validation.BindException: org.springframework.boot.bind.RelaxedDataBinder$RelaxedBeanPropertyBindingResult: 1 errors
Field error in object 'spring.redis' on field 'port': rejected value [${vcap.services.redis-caching.credentials.port}]; codes [typeMismatch.spring.redis.port,typeMismatch.port,typeMismatch.int,typeMismatch]; arguments [org.springframework.context.support.DefaultMessageSourceResolvable: codes [spring.redis.port,port]; arguments []; default message [port]]; default message [Failed to convert property value of type [java.lang.String] to required type [int] for property 'port'; nested exception is org.springframework.core.convert.ConverterNotFoundException: No converter found capable of converting from type [java.lang.String] to type [int]]; nested exception is org.springframework.beans.factory.BeanCreationException: Error creating bean with name 'spring.redis-org.springframework.boot.autoconfigure.data.redis.RedisProperties': Could not bind properties to RedisProperties (prefix=spring.redis, ignoreInvalidFields=false, ignoreUnknownFields=true, ignoreNestedProperties=false); nested exception is org.springframework.validation.BindException: org.springframework.boot.bind.RelaxedDataBinder$RelaxedBeanPropertyBindingResult: 1 errors
Field error in object 'spring.redis' on field 'port': rejected value [${vcap.services.redis-caching.credentials.port}]; codes [typeMismatch.spring.redis.port,typeMismatch.port,typeMismatch.int,typeMismatch]; arguments [org.springframework.context.support.DefaultMessageSourceResolvable: codes [spring.redis.port,port]; arguments []; default message [port]]; default message [Failed to convert property value of type [java.lang.String] to required type [int] for property 'port'; nested exception is org.springframework.core.convert.ConverterNotFoundException: No converter found capable of converting from type [java.lang.String] to type [int]]
	at org.springframework.beans.factory.support.ConstructorResolver.instantiateUsingFactoryMethod(ConstructorResolver.java:599)
	at org.springframework.beans.factory.support.AbstractAutowireCapableBeanFactory.instantiateUsingFactoryMethod(AbstractAutowireCapableBeanFactory.java:1123)
	at org.springframework.beans.factory.support.AbstractAutowireCapableBeanFactory.createBeanInstance(AbstractAutowireCapableBeanFactory.java:1018)
	at org.springframework.beans.factory.support.AbstractAutowireCapableBeanFactory.doCreateBean(AbstractAutowireCapableBeanFactory.java:510)
	at org.springframework.beans.factory.support.AbstractAutowireCapableBeanFactory.createBean(AbstractAutowireCapableBeanFactory.java:482)
	at org.springframework.beans.factory.support.AbstractBeanFactory$1.getObject(AbstractBeanFactory.java:306)
	at org.springframework.beans.factory.support.DefaultSingletonBeanRegistry.getSingleton(DefaultSingletonBeanRegistry.java:230)
	at org.springframework.beans.factory.support.AbstractBeanFactory.doGetBean(AbstractBeanFactory.java:302)
	at org.springframework.beans.factory.support.AbstractBeanFactory.getBean(AbstractBeanFactory.java:202)
	at org.springframework.aop.framework.autoproxy.BeanFactoryAdvisorRetrievalHelper.findAdvisorBeans(BeanFactoryAdvisorRetrievalHelper.java:92)
	at org.springframework.aop.framework.autoproxy.AbstractAdvisorAutoProxyCreator.findCandidateAdvisors(AbstractAdvisorAutoProxyCreator.java:101)
	at org.springframework.aop.framework.autoproxy.AbstractAdvisorAutoProxyCreator.findEligibleAdvisors(AbstractAdvisorAutoProxyCreator.java:87)
	at org.springframework.aop.framework.autoproxy.AbstractAdvisorAutoProxyCreator.getAdvicesAndAdvisorsForBean(AbstractAdvisorAutoProxyCreator.java:69)
	at org.springframework.aop.framework.autoproxy.AbstractAutoProxyCreator.wrapIfNecessary(AbstractAutoProxyCreator.java:347)
	at org.springframework.aop.framework.autoproxy.AbstractAutoProxyCreator.postProcessAfterInitialization(AbstractAutoProxyCreator.java:299)
	at org.springframework.beans.factory.support.AbstractAutowireCapableBeanFactory.applyBeanPostProcessorsAfterInitialization(AbstractAutowireCapableBeanFactory.java:422)
	at org.springframework.beans.factory.support.AbstractAutowireCapableBeanFactory.initializeBean(AbstractAutowireCapableBeanFactory.java:1583)
	at org.springframework.beans.factory.support.AbstractAutowireCapableBeanFactory.doCreateBean(AbstractAutowireCapableBeanFactory.java:545)
	at org.springframework.beans.factory.support.AbstractAutowireCapableBeanFactory.createBean(AbstractAutowireCapableBeanFactory.java:482)
	at org.springframework.beans.factory.support.AbstractBeanFactory$1.getObject(AbstractBeanFactory.java:306)
	at org.springframework.beans.factory.support.DefaultSingletonBeanRegistry.getSingleton(DefaultSingletonBeanRegistry.java:230)
	at org.springframework.beans.factory.support.AbstractBeanFactory.doGetBean(AbstractBeanFactory.java:302)
	at org.springframework.beans.factory.support.AbstractBeanFactory.getBean(AbstractBeanFactory.java:202)
	at org.springframework.context.support.PostProcessorRegistrationDelegate.registerBeanPostProcessors(PostProcessorRegistrationDelegate.java:240)
	at org.springframework.context.support.AbstractApplicationContext.registerBeanPostProcessors(AbstractApplicationContext.java:697)
	at org.springframework.context.support.AbstractApplicationContext.refresh(AbstractApplicationContext.java:526)
	at org.springframework.boot.SpringApplication.refresh(SpringApplication.java:759)
	at org.springframework.boot.SpringApplication.refreshContext(SpringApplication.java:369)
	at org.springframework.boot.SpringApplication.run(SpringApplication.java:313)
	at org.springframework.boot.test.context.SpringBootContextLoader.loadContext(SpringBootContextLoader.java:111)
	at org.springframework.test.context.cache.DefaultCacheAwareContextLoaderDelegate.loadContextInternal(DefaultCacheAwareContextLoaderDelegate.java:98)
	at org.springframework.test.context.cache.DefaultCacheAwareContextLoaderDelegate.loadContext(DefaultCacheAwareContextLoaderDelegate.java:116)
	at org.springframework.test.context.support.DefaultTestContext.getApplicationContext(DefaultTestContext.java:83)
	at org.springframework.test.context.web.ServletTestExecutionListener.setUpRequestContextIfNecessary(ServletTestExecutionListener.java:189)
	at org.springframework.test.context.web.ServletTestExecutionListener.prepareTestInstance(ServletTestExecutionListener.java:131)
	at org.springframework.test.context.TestContextManager.prepareTestInstance(TestContextManager.java:230)
	at org.springframework.test.context.junit4.SpringJUnit4ClassRunner.createTest(SpringJUnit4ClassRunner.java:228)
	at org.springframework.test.context.junit4.SpringJUnit4ClassRunner$1.runReflectiveCall(SpringJUnit4ClassRunner.java:287)
	at org.junit.internal.runners.model.ReflectiveCallable.run(ReflectiveCallable.java:12)
	at org.springframework.test.context.junit4.SpringJUnit4ClassRunner.methodBlock(SpringJUnit4ClassRunner.java:289)
	at org.springframework.test.context.junit4.SpringJUnit4ClassRunner.runChild(SpringJUnit4ClassRunner.java:247)
	at org.springframework.test.context.junit4.SpringJUnit4ClassRunner.runChild(SpringJUnit4ClassRunner.java:94)
	at org.junit.runners.ParentRunner$3.run(ParentRunner.java:290)
	at org.junit.runners.ParentRunner$1.schedule(ParentRunner.java:71)
	at org.junit.runners.ParentRunner.runChildren(ParentRunner.java:288)
	at org.junit.runners.ParentRunner.access$000(ParentRunner.java:58)
	at org.junit.runners.ParentRunner$2.evaluate(ParentRunner.java:268)
	at org.springframework.test.context.junit4.statements.RunBeforeTestClassCallbacks.evaluate(RunBeforeTestClassCallbacks.java:61)
	at org.springframework.test.context.junit4.statements.RunAfterTestClassCallbacks.evaluate(RunAfterTestClassCallbacks.java:70)
	at org.junit.runners.ParentRunner.run(ParentRunner.java:363)
	at org.springframework.test.context.junit4.SpringJUnit4ClassRunner.run(SpringJUnit4ClassRunner.java:191)
	at org.apache.maven.surefire.junit4.JUnit4Provider.execute(JUnit4Provider.java:283)
	at org.apache.maven.surefire.junit4.JUnit4Provider.executeWithRerun(JUnit4Provider.java:173)
	at org.apache.maven.surefire.junit4.JUnit4Provider.executeTestSet(JUnit4Provider.java:153)
	at org.apache.maven.surefire.junit4.JUnit4Provider.invoke(JUnit4Provider.java:128)
	at org.apache.maven.surefire.booter.ForkedBooter.invokeProviderInSameClassLoader(ForkedBooter.java:203)
	at org.apache.maven.surefire.booter.ForkedBooter.runSuitesInProcess(ForkedBooter.java:155)
	at org.apache.maven.surefire.booter.ForkedBooter.main(ForkedBooter.java:103)
Caused by: org.springframework.beans.BeanInstantiationException: Failed to instantiate [org.springframework.cache.interceptor.BeanFactoryCacheOperationSourceAdvisor]: Factory method 'cacheAdvisor' threw exception; nested exception is org.springframework.beans.factory.UnsatisfiedDependencyException: Error creating bean with name 'cacheAutoConfigurationValidator': Unsatisfied dependency expressed through field 'cacheManager': Error creating bean with name 'cacheManager' defined in class path resource [org/springframework/boot/autoconfigure/cache/RedisCacheConfiguration.class]: Unsatisfied dependency expressed through method 'cacheManager' parameter 0: Error creating bean with name 'sessionRedisTemplate' defined in class path resource [org/springframework/session/data/redis/config/annotation/web/http/RedisHttpSessionConfiguration.class]: Unsatisfied dependency expressed through method 'sessionRedisTemplate' parameter 0: Error creating bean with name 'org.springframework.boot.autoconfigure.data.redis.RedisAutoConfiguration$RedisConnectionConfiguration': Unsatisfied dependency expressed through constructor parameter 0: Error creating bean with name 'spring.redis-org.springframework.boot.autoconfigure.data.redis.RedisProperties': Could not bind properties to RedisProperties (prefix=spring.redis, ignoreInvalidFields=false, ignoreUnknownFields=true, ignoreNestedProperties=false); nested exception is org.springframework.validation.BindException: org.springframework.boot.bind.RelaxedDataBinder$RelaxedBeanPropertyBindingResult: 1 errors
Field error in object 'spring.redis' on field 'port': rejected value [${vcap.services.redis-caching.credentials.port}]; codes [typeMismatch.spring.redis.port,typeMismatch.port,typeMismatch.int,typeMismatch]; arguments [org.springframework.context.support.DefaultMessageSourceResolvable: codes [spring.redis.port,port]; arguments []; default message [port]]; default message [Failed to convert property value of type [java.lang.String] to required type [int] for property 'port'; nested exception is org.springframework.core.convert.ConverterNotFoundException: No converter found capable of converting from type [java.lang.String] to type [int]]; nested exception is org.springframework.beans.factory.BeanCreationException: Error creating bean with name 'spring.redis-org.springframework.boot.autoconfigure.data.redis.RedisProperties': Could not bind properties to RedisProperties (prefix=spring.redis, ignoreInvalidFields=false, ignoreUnknownFields=true, ignoreNestedProperties=false); nested exception is org.springframework.validation.BindException: org.springframework.boot.bind.RelaxedDataBinder$RelaxedBeanPropertyBindingResult: 1 errors
Field error in object 'spring.redis' on field 'port': rejected value [${vcap.services.redis-caching.credentials.port}]; codes [typeMismatch.spring.redis.port,typeMismatch.port,typeMismatch.int,typeMismatch]; arguments [org.springframework.context.support.DefaultMessageSourceResolvable: codes [spring.redis.port,port]; arguments []; default message [port]]; default message [Failed to convert property value of type [java.lang.String] to required type [int] for property 'port'; nested exception is org.springframework.core.convert.ConverterNotFoundException: No converter found capable of converting from type [java.lang.String] to type [int]]; nested exception is org.springframework.beans.factory.UnsatisfiedDependencyException: Error creating bean with name 'org.springframework.boot.autoconfigure.data.redis.RedisAutoConfiguration$RedisConnectionConfiguration': Unsatisfied dependency expressed through constructor parameter 0: Error creating bean with name 'spring.redis-org.springframework.boot.autoconfigure.data.redis.RedisProperties': Could not bind properties to RedisProperties (prefix=spring.redis, ignoreInvalidFields=false, ignoreUnknownFields=true, ignoreNestedProperties=false); nested exception is org.springframework.validation.BindException: org.springframework.boot.bind.RelaxedDataBinder$RelaxedBeanPropertyBindingResult: 1 errors
Field error in object 'spring.redis' on field 'port': rejected value [${vcap.services.redis-caching.credentials.port}]; codes [typeMismatch.spring.redis.port,typeMismatch.port,typeMismatch.int,typeMismatch]; arguments [org.springframework.context.support.DefaultMessageSourceResolvable: codes [spring.redis.port,port]; arguments []; default message [port]]; default message [Failed to convert property value of type [java.lang.String] to required type [int] for property 'port'; nested exception is org.springframework.core.convert.ConverterNotFoundException: No converter found capable of converting from type [java.lang.String] to type [int]]; nested exception is org.springframework.beans.factory.BeanCreationException: Error creating bean with name 'spring.redis-org.springframework.boot.autoconfigure.data.redis.RedisProperties': Could not bind properties to RedisProperties (prefix=spring.redis, ignoreInvalidFields=false, ignoreUnknownFields=true, ignoreNestedProperties=false); nested exception is org.springframework.validation.BindException: org.springframework.boot.bind.RelaxedDataBinder$RelaxedBeanPropertyBindingResult: 1 errors
Field error in object 'spring.redis' on field 'port': rejected value [${vcap.services.redis-caching.credentials.port}]; codes [typeMismatch.spring.redis.port,typeMismatch.port,typeMismatch.int,typeMismatch]; arguments [org.springframework.context.support.DefaultMessageSourceResolvable: codes [spring.redis.port,port]; arguments []; default message [port]]; default message [Failed to convert property value of type [java.lang.String] to required type [int] for property 'port'; nested exception is org.springframework.core.convert.ConverterNotFoundException: No converter found capable of converting from type [java.lang.String] to type [int]]; nested exception is org.springframework.beans.factory.UnsatisfiedDependencyException: Error creating bean with name 'sessionRedisTemplate' defined in class path resource [org/springframework/session/data/redis/config/annotation/web/http/RedisHttpSessionConfiguration.class]: Unsatisfied dependency expressed through method 'sessionRedisTemplate' parameter 0: Error creating bean with name 'org.springframework.boot.autoconfigure.data.redis.RedisAutoConfiguration$RedisConnectionConfiguration': Unsatisfied dependency expressed through constructor parameter 0: Error creating bean with name 'spring.redis-org.springframework.boot.autoconfigure.data.redis.RedisProperties': Could not bind properties to RedisProperties (prefix=spring.redis, ignoreInvalidFields=false, ignoreUnknownFields=true, ignoreNestedProperties=false); nested exception is org.springframework.validation.BindException: org.springframework.boot.bind.RelaxedDataBinder$RelaxedBeanPropertyBindingResult: 1 errors
Field error in object 'spring.redis' on field 'port': rejected value [${vcap.services.redis-caching.credentials.port}]; codes [typeMismatch.spring.redis.port,typeMismatch.port,typeMismatch.int,typeMismatch]; arguments [org.springframework.context.support.DefaultMessageSourceResolvable: codes [spring.redis.port,port]; arguments []; default message [port]]; default message [Failed to convert property value of type [java.lang.String] to required type [int] for property 'port'; nested exception is org.springframework.core.convert.ConverterNotFoundException: No converter found capable of converting from type [java.lang.String] to type [int]]; nested exception is org.springframework.beans.factory.BeanCreationException: Error creating bean with name 'spring.redis-org.springframework.boot.autoconfigure.data.redis.RedisProperties': Could not bind properties to RedisProperties (prefix=spring.redis, ignoreInvalidFields=false, ignoreUnknownFields=true, ignoreNestedProperties=false); nested exception is org.springframework.validation.BindException: org.springframework.boot.bind.RelaxedDataBinder$RelaxedBeanPropertyBindingResult: 1 errors
Field error in object 'spring.redis' on field 'port': rejected value [${vcap.services.redis-caching.credentials.port}]; codes [typeMismatch.spring.redis.port,typeMismatch.port,typeMismatch.int,typeMismatch]; arguments [org.springframework.context.support.DefaultMessageSourceResolvable: codes [spring.redis.port,port]; arguments []; default message [port]]; default message [Failed to convert property value of type [java.lang.String] to required type [int] for property 'port'; nested exception is org.springframework.core.convert.ConverterNotFoundException: No converter found capable of converting from type [java.lang.String] to type [int]]; nested exception is org.springframework.beans.factory.UnsatisfiedDependencyException: Error creating bean with name 'org.springframework.boot.autoconfigure.data.redis.RedisAutoConfiguration$RedisConnectionConfiguration': Unsatisfied dependency expressed through constructor parameter 0: Error creating bean with name 'spring.redis-org.springframework.boot.autoconfigure.data.redis.RedisProperties': Could not bind properties to RedisProperties (prefix=spring.redis, ignoreInvalidFields=false, ignoreUnknownFields=true, ignoreNestedProperties=false); nested exception is org.springframework.validation.BindException: org.springframework.boot.bind.RelaxedDataBinder$RelaxedBeanPropertyBindingResult: 1 errors
Field error in object 'spring.redis' on field 'port': rejected value [${vcap.services.redis-caching.credentials.port}]; codes [typeMismatch.spring.redis.port,typeMismatch.port,typeMismatch.int,typeMismatch]; arguments [org.springframework.context.support.DefaultMessageSourceResolvable: codes [spring.redis.port,port]; arguments []; default message [port]]; default message [Failed to convert property value of type [java.lang.String] to required type [int] for property 'port'; nested exception is org.springframework.core.convert.ConverterNotFoundException: No converter found capable of converting from type [java.lang.String] to type [int]]; nested exception is org.springframework.beans.factory.BeanCreationException: Error creating bean with name 'spring.redis-org.springframework.boot.autoconfigure.data.redis.RedisProperties': Could not bind properties to RedisProperties (prefix=spring.redis, ignoreInvalidFields=false, ignoreUnknownFields=true, ignoreNestedProperties=false); nested exception is org.springframework.validation.BindException: org.springframework.boot.bind.RelaxedDataBinder$RelaxedBeanPropertyBindingResult: 1 errors
Field error in object 'spring.redis' on field 'port': rejected value [${vcap.services.redis-caching.credentials.port}]; codes [typeMismatch.spring.redis.port,typeMismatch.port,typeMismatch.int,typeMismatch]; arguments [org.springframework.context.support.DefaultMessageSourceResolvable: codes [spring.redis.port,port]; arguments []; default message [port]]; default message [Failed to convert property value of type [java.lang.String] to required type [int] for property 'port'; nested exception is org.springframework.core.convert.ConverterNotFoundException: No converter found capable of converting from type [java.lang.String] to type [int]]; nested exception is org.springframework.beans.factory.UnsatisfiedDependencyException: Error creating bean with name 'cacheManager' defined in class path resource [org/springframework/boot/autoconfigure/cache/RedisCacheConfiguration.class]: Unsatisfied dependency expressed through method 'cacheManager' parameter 0: Error creating bean with name 'sessionRedisTemplate' defined in class path resource [org/springframework/session/data/redis/config/annotation/web/http/RedisHttpSessionConfiguration.class]: Unsatisfied dependency expressed through method 'sessionRedisTemplate' parameter 0: Error creating bean with name 'org.springframework.boot.autoconfigure.data.redis.RedisAutoConfiguration$RedisConnectionConfiguration': Unsatisfied dependency expressed through constructor parameter 0: Error creating bean with name 'spring.redis-org.springframework.boot.autoconfigure.data.redis.RedisProperties': Could not bind properties to RedisProperties (prefix=spring.redis, ignoreInvalidFields=false, ignoreUnknownFields=true, ignoreNestedProperties=false); nested exception is org.springframework.validation.BindException: org.springframework.boot.bind.RelaxedDataBinder$RelaxedBeanPropertyBindingResult: 1 errors
Field error in object 'spring.redis' on field 'port': rejected value [${vcap.services.redis-caching.credentials.port}]; codes [typeMismatch.spring.redis.port,typeMismatch.port,typeMismatch.int,typeMismatch]; arguments [org.springframework.context.support.DefaultMessageSourceResolvable: codes [spring.redis.port,port]; arguments []; default message [port]]; default message [Failed to convert property value of type [java.lang.String] to required type [int] for property 'port'; nested exception is org.springframework.core.convert.ConverterNotFoundException: No converter found capable of converting from type [java.lang.String] to type [int]]; nested exception is org.springframework.beans.factory.BeanCreationException: Error creating bean with name 'spring.redis-org.springframework.boot.autoconfigure.data.redis.RedisProperties': Could not bind properties to RedisProperties (prefix=spring.redis, ignoreInvalidFields=false, ignoreUnknownFields=true, ignoreNestedProperties=false); nested exception is org.springframework.validation.BindException: org.springframework.boot.bind.RelaxedDataBinder$RelaxedBeanPropertyBindingResult: 1 errors
Field error in object 'spring.redis' on field 'port': rejected value [${vcap.services.redis-caching.credentials.port}]; codes [typeMismatch.spring.redis.port,typeMismatch.port,typeMismatch.int,typeMismatch]; arguments [org.springframework.context.support.DefaultMessageSourceResolvable: codes [spring.redis.port,port]; arguments []; default message [port]]; default message [Failed to convert property value of type [java.lang.String] to required type [int] for property 'port'; nested exception is org.springframework.core.convert.ConverterNotFoundException: No converter found capable of converting from type [java.lang.String] to type [int]]; nested exception is org.springframework.beans.factory.UnsatisfiedDependencyException: Error creating bean with name 'org.springframework.boot.autoconfigure.data.redis.RedisAutoConfiguration$RedisConnectionConfiguration': Unsatisfied dependency expressed through constructor parameter 0: Error creating bean with name 'spring.redis-org.springframework.boot.autoconfigure.data.redis.RedisProperties': Could not bind properties to RedisProperties (prefix=spring.redis, ignoreInvalidFields=false, ignoreUnknownFields=true, ignoreNestedProperties=false); nested exception is org.springframework.validation.BindException: org.springframework.boot.bind.RelaxedDataBinder$RelaxedBeanPropertyBindingResult: 1 errors
Field error in object 'spring.redis' on field 'port': rejected value [${vcap.services.redis-caching.credentials.port}]; codes [typeMismatch.spring.redis.port,typeMismatch.port,typeMismatch.int,typeMismatch]; arguments [org.springframework.context.support.DefaultMessageSourceResolvable: codes [spring.redis.port,port]; arguments []; default message [port]]; default message [Failed to convert property value of type [java.lang.String] to required type [int] for property 'port'; nested exception is org.springframework.core.convert.ConverterNotFoundException: No converter found capable of converting from type [java.lang.String] to type [int]]; nested exception is org.springframework.beans.factory.BeanCreationException: Error creating bean with name 'spring.redis-org.springframework.boot.autoconfigure.data.redis.RedisProperties': Could not bind properties to RedisProperties (prefix=spring.redis, ignoreInvalidFields=false, ignoreUnknownFields=true, ignoreNestedProperties=false); nested exception is org.springframework.validation.BindException: org.springframework.boot.bind.RelaxedDataBinder$RelaxedBeanPropertyBindingResult: 1 errors
Field error in object 'spring.redis' on field 'port': rejected value [${vcap.services.redis-caching.credentials.port}]; codes [typeMismatch.spring.redis.port,typeMismatch.port,typeMismatch.int,typeMismatch]; arguments [org.springframework.context.support.DefaultMessageSourceResolvable: codes [spring.redis.port,port]; arguments []; default message [port]]; default message [Failed to convert property value of type [java.lang.String] to required type [int] for property 'port'; nested exception is org.springframework.core.convert.ConverterNotFoundException: No converter found capable of converting from type [java.lang.String] to type [int]]; nested exception is org.springframework.beans.factory.UnsatisfiedDependencyException: Error creating bean with name 'sessionRedisTemplate' defined in class path resource [org/springframework/session/data/redis/config/annotation/web/http/RedisHttpSessionConfiguration.class]: Unsatisfied dependency expressed through method 'sessionRedisTemplate' parameter 0: Error creating bean with name 'org.springframework.boot.autoconfigure.data.redis.RedisAutoConfiguration$RedisConnectionConfiguration': Unsatisfied dependency expressed through constructor parameter 0: Error creating bean with name 'spring.redis-org.springframework.boot.autoconfigure.data.redis.RedisProperties': Could not bind properties to RedisProperties (prefix=spring.redis, ignoreInvalidFields=false, ignoreUnknownFields=true, ignoreNestedProperties=false); nested exception is org.springframework.validation.BindException: org.springframework.boot.bind.RelaxedDataBinder$RelaxedBeanPropertyBindingResult: 1 errors
Field error in object 'spring.redis' on field 'port': rejected value [${vcap.services.redis-caching.credentials.port}]; codes [typeMismatch.spring.redis.port,typeMismatch.port,typeMismatch.int,typeMismatch]; arguments [org.springframework.context.support.DefaultMessageSourceResolvable: codes [spring.redis.port,port]; arguments []; default message [port]]; default message [Failed to convert property value of type [java.lang.String] to required type [int] for property 'port'; nested exception is org.springframework.core.convert.ConverterNotFoundException: No converter found capable of converting from type [java.lang.String] to type [int]]; nested exception is org.springframework.beans.factory.BeanCreationException: Error creating bean with name 'spring.redis-org.springframework.boot.autoconfigure.data.redis.RedisProperties': Could not bind properties to RedisProperties (prefix=spring.redis, ignoreInvalidFields=false, ignoreUnknownFields=true, ignoreNestedProperties=false); nested exception is org.springframework.validation.BindException: org.springframework.boot.bind.RelaxedDataBinder$RelaxedBeanPropertyBindingResult: 1 errors
Field error in object 'spring.redis' on field 'port': rejected value [${vcap.services.redis-caching.credentials.port}]; codes [typeMismatch.spring.redis.port,typeMismatch.port,typeMismatch.int,typeMismatch]; arguments [org.springframework.context.support.DefaultMessageSourceResolvable: codes [spring.redis.port,port]; arguments []; default message [port]]; default message [Failed to convert property value of type [java.lang.String] to required type [int] for property 'port'; nested exception is org.springframework.core.convert.ConverterNotFoundException: No converter found capable of converting from type [java.lang.String] to type [int]]; nested exception is org.springframework.beans.factory.UnsatisfiedDependencyException: Error creating bean with name 'org.springframework.boot.autoconfigure.data.redis.RedisAutoConfiguration$RedisConnectionConfiguration': Unsatisfied dependency expressed through constructor parameter 0: Error creating bean with name 'spring.redis-org.springframework.boot.autoconfigure.data.redis.RedisProperties': Could not bind properties to RedisProperties (prefix=spring.redis, ignoreInvalidFields=false, ignoreUnknownFields=true, ignoreNestedProperties=false); nested exception is org.springframework.validation.BindException: org.springframework.boot.bind.RelaxedDataBinder$RelaxedBeanPropertyBindingResult: 1 errors
Field error in object 'spring.redis' on field 'port': rejected value [${vcap.services.redis-caching.credentials.port}]; codes [typeMismatch.spring.redis.port,typeMismatch.port,typeMismatch.int,typeMismatch]; arguments [org.springframework.context.support.DefaultMessageSourceResolvable: codes [spring.redis.port,port]; arguments []; default message [port]]; default message [Failed to convert property value of type [java.lang.String] to required type [int] for property 'port'; nested exception is org.springframework.core.convert.ConverterNotFoundException: No converter found capable of converting from type [java.lang.String] to type [int]]; nested exception is org.springframework.beans.factory.BeanCreationException: Error creating bean with name 'spring.redis-org.springframework.boot.autoconfigure.data.redis.RedisProperties': Could not bind properties to RedisProperties (prefix=spring.redis, ignoreInvalidFields=false, ignoreUnknownFields=true, ignoreNestedProperties=false); nested exception is org.springframework.validation.BindException: org.springframework.boot.bind.RelaxedDataBinder$RelaxedBeanPropertyBindingResult: 1 errors
[...]
	at org.apache.maven.surefire.junit4.JUnit4Provider.executeWithRerun(JUnit4Provider.java:173)
	at org.apache.maven.surefire.junit4.JUnit4Provider.executeTestSet(JUnit4Provider.java:153)
	at org.apache.maven.surefire.junit4.JUnit4Provider.invoke(JUnit4Provider.java:128)
	at org.apache.maven.surefire.booter.ForkedBooter.invokeProviderInSameClassLoader(ForkedBooter.java:203)
	at org.apache.maven.surefire.booter.ForkedBooter.runSuitesInProcess(ForkedBooter.java:155)
	at org.apache.maven.surefire.booter.ForkedBooter.main(ForkedBooter.java:103)
Caused by: org.springframework.validation.BindException: org.springframework.boot.bind.RelaxedDataBinder$RelaxedBeanPropertyBindingResult: 1 errors
Field error in object 'spring.redis' on field 'port': rejected value [${vcap.services.redis-caching.credentials.port}]; codes [typeMismatch.spring.redis.port,typeMismatch.port,typeMismatch.int,typeMismatch]; arguments [org.springframework.context.support.DefaultMessageSourceResolvable: codes [spring.redis.port,port]; arguments []; default message [port]]; default message [Failed to convert property value of type [java.lang.String] to required type [int] for property 'port'; nested exception is org.springframework.core.convert.ConverterNotFoundException: No converter found capable of converting from type [java.lang.String] to type [int]]
	at org.springframework.boot.bind.PropertiesConfigurationFactory.validate(PropertiesConfigurationFactory.java:367)
	at org.springframework.boot.bind.PropertiesConfigurationFactory.doBindPropertiesToTarget(PropertiesConfigurationFactory.java:276)
	at org.springframework.boot.bind.PropertiesConfigurationFactory.bindPropertiesToTarget(PropertiesConfigurationFactory.java:245)
	at org.springframework.boot.context.properties.ConfigurationPropertiesBindingPostProcessor.postProcessBeforeInitialization(ConfigurationPropertiesBindingPostProcessor.java:346)
	at org.springframework.boot.context.properties.ConfigurationPropertiesBindingPostProcessor.postProcessBeforeInitialization(ConfigurationPropertiesBindingPostProcessor.java:302)
	at org.springframework.beans.factory.support.AbstractAutowireCapableBeanFactory.applyBeanPostProcessorsBeforeInitialization(AbstractAutowireCapableBeanFactory.java:408)
	at org.springframework.beans.factory.support.AbstractAutowireCapableBeanFactory.initializeBean(AbstractAutowireCapableBeanFactory.java:1570)
	at org.springframework.beans.factory.support.AbstractAutowireCapableBeanFactory.doCreateBean(AbstractAutowireCapableBeanFactory.java:545)
	at org.springframework.beans.factory.support.AbstractAutowireCapableBeanFactory.createBean(AbstractAutowireCapableBeanFactory.java:482)
	at org.springframework.beans.factory.support.AbstractBeanFactory$1.getObject(AbstractBeanFactory.java:306)
	at org.springframework.beans.factory.support.DefaultSingletonBeanRegistry.getSingleton(DefaultSingletonBeanRegistry.java:230)
	at org.springframework.beans.factory.support.AbstractBeanFactory.doGetBean(AbstractBeanFactory.java:302)
	at org.springframework.beans.factory.support.AbstractBeanFactory.getBean(AbstractBeanFactory.java:202)
	at org.springframework.beans.factory.config.DependencyDescriptor.resolveCandidate(DependencyDescriptor.java:207)
	at org.springframework.beans.factory.support.DefaultListableBeanFactory.findAutowireCandidates(DefaultListableBeanFactory.java:1214)
	at org.springframework.beans.factory.support.DefaultListableBeanFactory.doResolveDependency(DefaultListableBeanFactory.java:1054)
	at org.springframework.beans.factory.support.DefaultListableBeanFactory.resolveDependency(DefaultListableBeanFactory.java:1019)
	at org.springframework.beans.factory.support.ConstructorResolver.resolveAutowiredArgument(ConstructorResolver.java:835)
	at org.springframework.beans.factory.support.ConstructorResolver.createArgumentArray(ConstructorResolver.java:741)
	at org.springframework.beans.factory.support.ConstructorResolver.autowireConstructor(ConstructorResolver.java:189)
	at org.springframework.beans.factory.support.AbstractAutowireCapableBeanFactory.autowireConstructor(AbstractAutowireCapableBeanFactory.java:1143)
	at org.springframework.beans.factory.support.AbstractAutowireCapableBeanFactory.createBeanInstance(AbstractAutowireCapableBeanFactory.java:1046)
	at org.springframework.beans.factory.support.AbstractAutowireCapableBeanFactory.doCreateBean(AbstractAutowireCapableBeanFactory.java:510)
	at org.springframework.beans.factory.support.AbstractAutowireCapableBeanFactory.createBean(AbstractAutowireCapableBeanFactory.java:482)
	at org.springframework.beans.factory.support.AbstractBeanFactory$1.getObject(AbstractBeanFactory.java:306)
	at org.springframework.beans.factory.support.DefaultSingletonBeanRegistry.getSingleton(DefaultSingletonBeanRegistry.java:230)
	at org.springframework.beans.factory.support.AbstractBeanFactory.doGetBean(AbstractBeanFactory.java:302)
	at org.springframework.beans.factory.support.AbstractBeanFactory.getBean(AbstractBeanFactory.java:197)
	at org.springframework.beans.factory.support.ConstructorResolver.instantiateUsingFactoryMethod(ConstructorResolver.java:372)
	at org.springframework.beans.factory.support.AbstractAutowireCapableBeanFactory.instantiateUsingFactoryMethod(AbstractAutowireCapableBeanFactory.java:1123)
	at org.springframework.beans.factory.support.AbstractAutowireCapableBeanFactory.createBeanInstance(AbstractAutowireCapableBeanFactory.java:1018)
	at org.springframework.beans.factory.support.AbstractAutowireCapableBeanFactory.doCreateBean(AbstractAutowireCapableBeanFactory.java:510)
	at org.springframework.beans.factory.support.AbstractAutowireCapableBeanFactory.createBean(AbstractAutowireCapableBeanFactory.java:482)
	at org.springframework.beans.factory.support.AbstractBeanFactory$1.getObject(AbstractBeanFactory.java:306)
	at org.springframework.beans.factory.support.DefaultSingletonBeanRegistry.getSingleton(DefaultSingletonBeanRegistry.java:230)
	at org.springframework.beans.factory.support.AbstractBeanFactory.doGetBean(AbstractBeanFactory.java:302)
	at org.springframework.beans.factory.support.AbstractBeanFactory.getBean(AbstractBeanFactory.java:202)
	at org.springframework.beans.factory.config.DependencyDescriptor.resolveCandidate(DependencyDescriptor.java:207)
	at org.springframework.beans.factory.support.DefaultListableBeanFactory.findAutowireCandidates(DefaultListableBeanFactory.java:1214)
	at org.springframework.beans.factory.support.DefaultListableBeanFactory.doResolveDependency(DefaultListableBeanFactory.java:1054)
	at org.springframework.beans.factory.support.DefaultListableBeanFactory.resolveDependency(DefaultListableBeanFactory.java:1019)
	at org.springframework.beans.factory.support.ConstructorResolver.resolveAutowiredArgument(ConstructorResolver.java:835)
	at org.springframework.beans.factory.support.ConstructorResolver.createArgumentArray(ConstructorResolver.java:741)
	at org.springframework.beans.factory.support.ConstructorResolver.instantiateUsingFactoryMethod(ConstructorResolver.java:467)
	at org.springframework.beans.factory.support.AbstractAutowireCapableBeanFactory.instantiateUsingFactoryMethod(AbstractAutowireCapableBeanFactory.java:1123)
	at org.springframework.beans.factory.support.AbstractAutowireCapableBeanFactory.createBeanInstance(AbstractAutowireCapableBeanFactory.java:1018)
	at org.springframework.beans.factory.support.AbstractAutowireCapableBeanFactory.doCreateBean(AbstractAutowireCapableBeanFactory.java:510)
	at org.springframework.beans.factory.support.AbstractAutowireCapableBeanFactory.createBean(AbstractAutowireCapableBeanFactory.java:482)
	at org.springframework.beans.factory.support.AbstractBeanFactory$1.getObject(AbstractBeanFactory.java:306)
	at org.springframework.beans.factory.support.DefaultSingletonBeanRegistry.getSingleton(DefaultSingletonBeanRegistry.java:230)
	at org.springframework.beans.factory.support.AbstractBeanFactory.doGetBean(AbstractBeanFactory.java:302)
	at org.springframework.beans.factory.support.AbstractBeanFactory.getBean(AbstractBeanFactory.java:202)
	at org.springframework.beans.factory.config.DependencyDescriptor.resolveCandidate(DependencyDescriptor.java:207)
	at org.springframework.beans.factory.support.DefaultListableBeanFactory.findAutowireCandidates(DefaultListableBeanFactory.java:1214)
	at org.springframework.beans.factory.support.DefaultListableBeanFactory.doResolveDependency(DefaultListableBeanFactory.java:1054)
	at org.springframework.beans.factory.support.DefaultListableBeanFactory.resolveDependency(DefaultListableBeanFactory.java:1019)
	at org.springframework.beans.factory.support.ConstructorResolver.resolveAutowiredArgument(ConstructorResolver.java:835)
	at org.springframework.beans.factory.support.ConstructorResolver.createArgumentArray(ConstructorResolver.java:741)
	at org.springframework.beans.factory.support.ConstructorResolver.instantiateUsingFactoryMethod(ConstructorResolver.java:467)
	at org.springframework.beans.factory.support.AbstractAutowireCapableBeanFactory.instantiateUsingFactoryMethod(AbstractAutowireCapableBeanFactory.java:1123)
	at org.springframework.beans.factory.support.AbstractAutowireCapableBeanFactory.createBeanInstance(AbstractAutowireCapableBeanFactory.java:1018)
	at org.springframework.beans.factory.support.AbstractAutowireCapableBeanFactory.doCreateBean(AbstractAutowireCapableBeanFactory.java:510)
	at org.springframework.beans.factory.support.AbstractAutowireCapableBeanFactory.createBean(AbstractAutowireCapableBeanFactory.java:482)
	at org.springframework.beans.factory.support.AbstractBeanFactory$1.getObject(AbstractBeanFactory.java:306)
	at org.springframework.beans.factory.support.DefaultSingletonBeanRegistry.getSingleton(DefaultSingletonBeanRegistry.java:230)
	at org.springframework.beans.factory.support.AbstractBeanFactory.doGetBean(AbstractBeanFactory.java:302)
	at org.springframework.beans.factory.support.AbstractBeanFactory.getBean(AbstractBeanFactory.java:202)
	at org.springframework.beans.factory.config.DependencyDescriptor.resolveCandidate(DependencyDescriptor.java:207)
	at org.springframework.beans.factory.support.DefaultListableBeanFactory.findAutowireCandidates(DefaultListableBeanFactory.java:1214)
	at org.springframework.beans.factory.support.DefaultListableBeanFactory.doResolveDependency(DefaultListableBeanFactory.java:1054)
	at org.springframework.beans.factory.support.DefaultListableBeanFactory.resolveDependency(DefaultListableBeanFactory.java:1019)
	at org.springframework.beans.factory.annotation.AutowiredAnnotationBeanPostProcessor$AutowiredFieldElement.inject(AutowiredAnnotationBeanPostProcessor.java:566)
	at org.springframework.beans.factory.annotation.InjectionMetadata.inject(InjectionMetadata.java:88)
	at org.springframework.beans.factory.annotation.AutowiredAnnotationBeanPostProcessor.postProcessPropertyValues(AutowiredAnnotationBeanPostProcessor.java:349)
	at org.springframework.beans.factory.support.AbstractAutowireCapableBeanFactory.populateBean(AbstractAutowireCapableBeanFactory.java:1214)
	at org.springframework.beans.factory.support.AbstractAutowireCapableBeanFactory.doCreateBean(AbstractAutowireCapableBeanFactory.java:543)
	at org.springframework.beans.factory.support.AbstractAutowireCapableBeanFactory.createBean(AbstractAutowireCapableBeanFactory.java:482)
	at org.springframework.beans.factory.support.AbstractBeanFactory$1.getObject(AbstractBeanFactory.java:306)
	at org.springframework.beans.factory.support.DefaultSingletonBeanRegistry.getSingleton(DefaultSingletonBeanRegistry.java:230)
	at org.springframework.beans.factory.support.AbstractBeanFactory.doGetBean(AbstractBeanFactory.java:302)
	at org.springframework.beans.factory.support.AbstractBeanFactory.getBean(AbstractBeanFactory.java:197)
	at org.springframework.beans.factory.support.AbstractBeanFactory.doGetBean(AbstractBeanFactory.java:296)
	at org.springframework.beans.factory.support.AbstractBeanFactory.getBean(AbstractBeanFactory.java:197)
	at org.springframework.context.annotation.ConfigurationClassEnhancer$BeanMethodInterceptor.intercept(ConfigurationClassEnhancer.java:381)
	at org.springframework.cache.annotation.ProxyCachingConfiguration$$EnhancerBySpringCGLIB$$4ac270d3.cacheInterceptor(<generated>)
	at org.springframework.cache.annotation.ProxyCachingConfiguration.cacheAdvisor(ProxyCachingConfiguration.java:46)
	at org.springframework.cache.annotation.ProxyCachingConfiguration$$EnhancerBySpringCGLIB$$4ac270d3.CGLIB$cacheAdvisor$0(<generated>)
	at org.springframework.cache.annotation.ProxyCachingConfiguration$$EnhancerBySpringCGLIB$$4ac270d3$$FastClassBySpringCGLIB$$272fcd44.invoke(<generated>)
	at org.springframework.cglib.proxy.MethodProxy.invokeSuper(MethodProxy.java:228)
	at org.springframework.context.annotation.ConfigurationClassEnhancer$BeanMethodInterceptor.intercept(ConfigurationClassEnhancer.java:356)
	at org.springframework.cache.annotation.ProxyCachingConfiguration$$EnhancerBySpringCGLIB$$4ac270d3.cacheAdvisor(<generated>)
	at sun.reflect.NativeMethodAccessorImpl.invoke0(Native Method)
	at sun.reflect.NativeMethodAccessorImpl.invoke(NativeMethodAccessorImpl.java:62)
	at sun.reflect.DelegatingMethodAccessorImpl.invoke(DelegatingMethodAccessorImpl.java:43)
	at java.lang.reflect.Method.invoke(Method.java:497)
	at org.springframework.beans.factory.support.SimpleInstantiationStrategy.instantiate(SimpleInstantiationStrategy.java:162)
	at org.springframework.beans.factory.support.ConstructorResolver.instantiateUsingFactoryMethod(ConstructorResolver.java:588)
	at org.springframework.beans.factory.support.AbstractAutowireCapableBeanFactory.instantiateUsingFactoryMethod(AbstractAutowireCapableBeanFactory.java:1123)
	at org.springframework.beans.factory.support.AbstractAutowireCapableBeanFactory.createBeanInstance(AbstractAutowireCapableBeanFactory.java:1018)
	at org.springframework.beans.factory.support.AbstractAutowireCapableBeanFactory.doCreateBean(AbstractAutowireCapableBeanFactory.java:510)
	at org.springframework.beans.factory.support.AbstractAutowireCapableBeanFactory.createBean(AbstractAutowireCapableBeanFactory.java:482)
	at org.springframework.beans.factory.support.AbstractBeanFactory$1.getObject(AbstractBeanFactory.java:306)
	at org.springframework.beans.factory.support.DefaultSingletonBeanRegistry.getSingleton(DefaultSingletonBeanRegistry.java:230)
	at org.springframework.beans.factory.support.AbstractBeanFactory.doGetBean(AbstractBeanFactory.java:302)
	at org.springframework.beans.factory.support.AbstractBeanFactory.getBean(AbstractBeanFactory.java:202)
	at org.springframework.aop.framework.autoproxy.BeanFactoryAdvisorRetrievalHelper.findAdvisorBeans(BeanFactoryAdvisorRetrievalHelper.java:92)
	at org.springframework.aop.framework.autoproxy.AbstractAdvisorAutoProxyCreator.findCandidateAdvisors(AbstractAdvisorAutoProxyCreator.java:101)
	at org.springframework.aop.framework.autoproxy.AbstractAdvisorAutoProxyCreator.findEligibleAdvisors(AbstractAdvisorAutoProxyCreator.java:87)
	at org.springframework.aop.framework.autoproxy.AbstractAdvisorAutoProxyCreator.getAdvicesAndAdvisorsForBean(AbstractAdvisorAutoProxyCreator.java:69)
	at org.springframework.aop.framework.autoproxy.AbstractAutoProxyCreator.wrapIfNecessary(AbstractAutoProxyCreator.java:347)
	at org.springframework.aop.framework.autoproxy.AbstractAutoProxyCreator.postProcessAfterInitialization(AbstractAutoProxyCreator.java:299)
	at org.springframework.beans.factory.support.AbstractAutowireCapableBeanFactory.applyBeanPostProcessorsAfterInitialization(AbstractAutowireCapableBeanFactory.java:422)
	at org.springframework.beans.factory.support.AbstractAutowireCapableBeanFactory.initializeBean(AbstractAutowireCapableBeanFactory.java:1583)
	at org.springframework.beans.factory.support.AbstractAutowireCapableBeanFactory.doCreateBean(AbstractAutowireCapableBeanFactory.java:545)
	at org.springframework.beans.factory.support.AbstractAutowireCapableBeanFactory.createBean(AbstractAutowireCapableBeanFactory.java:482)
	at org.springframework.beans.factory.support.AbstractBeanFactory$1.getObject(AbstractBeanFactory.java:306)
	at org.springframework.beans.factory.support.DefaultSingletonBeanRegistry.getSingleton(DefaultSingletonBeanRegistry.java:230)
	at org.springframework.beans.factory.support.AbstractBeanFactory.doGetBean(AbstractBeanFactory.java:302)
	at org.springframework.beans.factory.support.AbstractBeanFactory.getBean(AbstractBeanFactory.java:202)
	at org.springframework.context.support.PostProcessorRegistrationDelegate.registerBeanPostProcessors(PostProcessorRegistrationDelegate.java:240)
	at org.springframework.context.support.AbstractApplicationContext.registerBeanPostProcessors(AbstractApplicationContext.java:697)
	at org.springframework.context.support.AbstractApplicationContext.refresh(AbstractApplicationContext.java:526)
	at org.springframework.boot.SpringApplication.refresh(SpringApplication.java:759)
	at org.springframework.boot.SpringApplication.refreshContext(SpringApplication.java:369)
	at org.springframework.boot.SpringApplication.run(SpringApplication.java:313)
	at org.springframework.boot.test.context.SpringBootContextLoader.loadContext(SpringBootContextLoader.java:111)
	at org.springframework.test.context.cache.DefaultCacheAwareContextLoaderDelegate.loadContextInternal(DefaultCacheAwareContextLoaderDelegate.java:98)
	at org.springframework.test.context.cache.DefaultCacheAwareContextLoaderDelegate.loadContext(DefaultCacheAwareContextLoaderDelegate.java:116)
	at org.springframework.test.context.support.DefaultTestContext.getApplicationContext(DefaultTestContext.java:83)
	at org.springframework.test.context.web.ServletTestExecutionListener.setUpRequestContextIfNecessary(ServletTestExecutionListener.java:189)
	at org.springframework.test.context.web.ServletTestExecutionListener.prepareTestInstance(ServletTestExecutionListener.java:131)
	at org.springframework.test.context.TestContextManager.prepareTestInstance(TestContextManager.java:230)
	at org.springframework.test.context.junit4.SpringJUnit4ClassRunner.createTest(SpringJUnit4ClassRunner.java:228)
	at org.springframework.test.context.junit4.SpringJUnit4ClassRunner$1.runReflectiveCall(SpringJUnit4ClassRunner.java:287)
	at org.junit.internal.runners.model.ReflectiveCallable.run(ReflectiveCallable.java:12)
	at org.springframework.test.context.junit4.SpringJUnit4ClassRunner.methodBlock(SpringJUnit4ClassRunner.java:289)
	at org.springframework.test.context.junit4.SpringJUnit4ClassRunner.runChild(SpringJUnit4ClassRunner.java:247)
	at org.springframework.test.context.junit4.SpringJUnit4ClassRunner.runChild(SpringJUnit4ClassRunner.java:94)
	at org.junit.runners.ParentRunner$3.run(ParentRunner.java:290)
	at org.junit.runners.ParentRunner$1.schedule(ParentRunner.java:71)
	at org.junit.runners.ParentRunner.runChildren(ParentRunner.java:288)
	at org.junit.runners.ParentRunner.access$000(ParentRunner.java:58)
	at org.junit.runners.ParentRunner$2.evaluate(ParentRunner.java:268)
	at org.springframework.test.context.junit4.statements.RunBeforeTestClassCallbacks.evaluate(RunBeforeTestClassCallbacks.java:61)
	at org.springframework.test.context.junit4.statements.RunAfterTestClassCallbacks.evaluate(RunAfterTestClassCallbacks.java:70)
	at org.junit.runners.ParentRunner.run(ParentRunner.java:363)
	at org.springframework.test.context.junit4.SpringJUnit4ClassRunner.run(SpringJUnit4ClassRunner.java:191)
	at org.apache.maven.surefire.junit4.JUnit4Provider.execute(JUnit4Provider.java:283)
	at org.apache.maven.surefire.junit4.JUnit4Provider.executeWithRerun(JUnit4Provider.java:173)
	at org.apache.maven.surefire.junit4.JUnit4Provider.executeTestSet(JUnit4Provider.java:153)
	at org.apache.maven.surefire.junit4.JUnit4Provider.invoke(JUnit4Provider.java:128)
	at org.apache.maven.surefire.booter.ForkedBooter.invokeProviderInSameClassLoader(ForkedBooter.java:203)
	at org.apache.maven.surefire.booter.ForkedBooter.runSuitesInProcess(ForkedBooter.java:155)
	at org.apache.maven.surefire.booter.ForkedBooter.main(ForkedBooter.java:103)

